<?xml version="1.0" encoding="UTF-8"?>
<!-- Generated by org.testng.reporters.JUnitReportReporter -->
<testsuite hostname="LAPTOP-PG7LGFSG" failures="0" tests="2" name="com.test.TC_001_VerifyBCportalSignin" time="77.430" errors="0" timestamp="2022-07-26T12:31:54 IST" skipped="0">
  <testcase classname="com.test.TC_001_VerifyBCportalSignin" name="Verifysignin_invaliddata" time="22.168"/>
  <system-out/>
  <testcase classname="com.test.TC_001_VerifyBCportalSignin" name="Verifysignin_validdata" time="55.262"/>
  <system-out/>
</testsuite> <!-- com.test.TC_001_VerifyBCportalSignin -->
