<?xml version="1.0" encoding="UTF-8"?>
<!-- Generated by org.testng.reporters.JUnitReportReporter -->
<testsuite hostname="LAPTOP-PG7LGFSG" failures="0" tests="1" name="com.test.tc_002_Verify_ScrollandDownload" time="52.259" errors="0" timestamp="2022-07-22T19:04:18 IST" skipped="0">
  <testcase classname="com.test.tc_002_Verify_ScrollandDownload" name="VerifySCrollandDownloadexcel" time="52.259"/>
  <system-out/>
</testsuite> <!-- com.test.tc_002_Verify_ScrollandDownload -->
